[2025-05-10 20:56:07.677 - 1 - ModuleClassLoader:getAnnotated] [DEBUG] loaders [null, null, null]
[2025-05-10 21:12:09.438 - 1 - ModuleClassLoader:initLoaders] [DEBUG] Found gameType: needle-of-silver
[2025-05-10 21:12:09.438 - 1 - ModuleClassLoader:initLoaders] [DEBUG] Found projects: 3
[2025-05-10 21:12:09.453 - 1 - ModuleClassLoader:getAnnotated] [DEBUG] loaders [null, null, null]
[2025-05-10 21:24:31.604 - 1 - ModuleClassLoader:initLoaders] [DEBUG] Found gameType: needle-of-silver
[2025-05-10 21:24:31.604 - 1 - ModuleClassLoader:initLoaders] [DEBUG] Found projects: 3
[2025-05-10 21:24:31.614 - 1 - ModuleClassLoader:initLoaders] [DEBUG] Evaluating: {name=gwcore, level=1.0, jar=lib/gwcore-12.jar, type=needle-of-silver}
[2025-05-10 21:24:31.619 - 1 - ModuleClassLoader:initLoaders] [DEBUG] Evaluating: {name=gw2d, level=2.0, jar=lib/gw2d-14.jar, type=needle-of-silver}
[2025-05-10 21:24:31.621 - 1 - ModuleClassLoader:initLoaders] [DEBUG] Evaluating: {name=needle-of-silver, level=3.0, jar=lib/needle-of-silver-5.jar, type=needle-of-silver}
[2025-05-10 21:24:31.629 - 1 - ModuleClassLoader:getAnnotated] [DEBUG] loaders [null, null, null]
[2025-05-11 07:43:24.644 - 1 - ModuleClassLoader:initLoaders] [DEBUG] Found gameType: needle-of-silver
[2025-05-11 07:43:24.644 - 1 - ModuleClassLoader:initLoaders] [DEBUG] Found projects: 3
[2025-05-11 07:43:24.644 - 1 - ModuleClassLoader:initLoaders] [DEBUG] Evaluating: {name=gwcore, level=1.0, jar=lib/gwcore-13.jar, type=needle-of-silver}
[2025-05-11 07:43:24.644 - 1 - ModuleClassLoader:initLoaders] [DEBUG] Reading: lib/gwcore-13.jar - 1.0 - needle-of-silver
[2025-05-11 07:43:24.651 - 1 - ModuleClassLoader:initLoaders] [DEBUG] Evaluating: {name=gw2d, level=2.0, jar=lib/gw2d-14.jar, type=needle-of-silver}
[2025-05-11 07:43:24.653 - 1 - ModuleClassLoader:initLoaders] [DEBUG] Reading: lib/gw2d-14.jar - 2.0 - needle-of-silver
[2025-05-11 07:43:24.653 - 1 - ModuleClassLoader:initLoaders] [DEBUG] Evaluating: {name=needle-of-silver, level=3.0, jar=lib/needle-of-silver-5.jar, type=needle-of-silver}
[2025-05-11 07:43:24.653 - 1 - ModuleClassLoader:initLoaders] [DEBUG] Reading: lib/needle-of-silver-5.jar - 3.0 - needle-of-silver
[2025-05-11 07:43:24.661 - 1 - ModuleClassLoader:getAnnotated] [DEBUG] loaders []
[2025-05-11 07:43:24.663 - 1 - ModuleClassLoader:findClass] [DEBUG] Components: []
[2025-05-11 09:12:42.322 - 1 - ModuleClassLoader:initLoaders] [DEBUG] Found gameType: needle-of-silver
[2025-05-11 09:12:42.322 - 1 - ModuleClassLoader:initLoaders] [DEBUG] Found projects: 3
[2025-05-11 09:12:42.322 - 1 - ModuleClassLoader:initLoaders] [DEBUG] Evaluating: {name=gwcore, level=1.0, jar=lib/gwcore-13.jar, type=needle-of-silver}
[2025-05-11 09:12:42.322 - 1 - ModuleClassLoader:initLoaders] [DEBUG] Reading: lib/gwcore-13.jar - 1.0 - needle-of-silver
[2025-05-11 09:12:42.331 - 1 - ModuleClassLoader:initLoaders] [DEBUG] Evaluating: {name=gw2d, level=2.0, jar=lib/gw2d-14.jar, type=needle-of-silver}
[2025-05-11 09:12:42.331 - 1 - ModuleClassLoader:initLoaders] [DEBUG] Reading: lib/gw2d-14.jar - 2.0 - needle-of-silver
[2025-05-11 09:12:42.334 - 1 - ModuleClassLoader:initLoaders] [DEBUG] Evaluating: {name=needle-of-silver, level=3.0, jar=lib/needle-of-silver-5.jar, type=needle-of-silver}
[2025-05-11 09:12:42.334 - 1 - ModuleClassLoader:initLoaders] [DEBUG] Reading: lib/needle-of-silver-5.jar - 3.0 - needle-of-silver
[2025-05-11 09:12:42.337 - 1 - ModuleClassLoader:getAnnotated] [DEBUG] loaders [null, null, null]
[2025-05-11 19:50:04.762 - 1 - ModuleClassLoader:initLoaders] [DEBUG] Found gameType: needle-of-silver
[2025-05-11 19:50:04.775 - 1 - ModuleClassLoader:initLoaders] [DEBUG] Found projects: 3
[2025-05-11 19:50:04.779 - 1 - ModuleClassLoader:initLoaders] [DEBUG] Evaluating: {name=gwcore, level=1.0, jar=lib/gwcore-14.jar, type=needle-of-silver}
[2025-05-11 19:50:04.781 - 1 - ModuleClassLoader:initLoaders] [DEBUG] Reading: lib/gwcore-14.jar - 1.0 - needle-of-silver
[2025-05-11 19:50:04.783 - 1 - ModuleClassLoader:initLoaders] [DEBUG] Look up: C:\Users\gwn27\IdeaProjects\GWFramework\build\generatedConfig\needle-of-silver-0.0.1Initlib/gwcore-14.jar
[2025-05-11 19:50:04.785 - 1 - ModuleClassLoader:initLoaders] [DEBUG] Evaluating: {name=gw2d, level=2.0, jar=lib/gw2d-14.jar, type=needle-of-silver}
[2025-05-11 19:50:04.785 - 1 - ModuleClassLoader:initLoaders] [DEBUG] Reading: lib/gw2d-14.jar - 2.0 - needle-of-silver
[2025-05-11 19:50:04.788 - 1 - ModuleClassLoader:initLoaders] [DEBUG] Look up: C:\Users\gwn27\IdeaProjects\GWFramework\build\generatedConfig\needle-of-silver-0.0.1Initlib/gw2d-14.jar
[2025-05-11 19:50:04.790 - 1 - ModuleClassLoader:initLoaders] [DEBUG] Evaluating: {name=needle-of-silver, level=3.0, jar=lib/needle-of-silver-5.jar, type=needle-of-silver}
[2025-05-11 19:50:04.790 - 1 - ModuleClassLoader:initLoaders] [DEBUG] Reading: lib/needle-of-silver-5.jar - 3.0 - needle-of-silver
[2025-05-11 19:50:04.793 - 1 - ModuleClassLoader:initLoaders] [DEBUG] Look up: C:\Users\gwn27\IdeaProjects\GWFramework\build\generatedConfig\needle-of-silver-0.0.1Initlib/needle-of-silver-5.jar
[2025-05-11 19:50:04.812 - 1 - ModuleClassLoader:getAnnotated] [DEBUG] loaders [null, null, null]
[2025-05-11 20:31:38.424 - 1 - ModuleClassLoader:initLoaders] [DEBUG] Found gameType: needle-of-silver
[2025-05-11 20:31:38.426 - 1 - ModuleClassLoader:initLoaders] [DEBUG] Found projects: 3
[2025-05-11 20:31:38.426 - 1 - ModuleClassLoader:initLoaders] [DEBUG] Evaluating: {name=gwcore, level=1.0, jar=lib/gwcore-15.jar, type=needle-of-silver}
[2025-05-11 20:31:38.426 - 1 - ModuleClassLoader:initLoaders] [DEBUG] Reading: lib/gwcore-15.jar - 1.0 - needle-of-silver
[2025-05-11 20:31:38.436 - 1 - ModuleClassLoader:initLoaders] [DEBUG] Look up: C:\Users\gwn27\IdeaProjects\GWFramework\build\generatedConfig\needle-of-silver-0.0.1Initlib/gwcore-15.jar
[2025-05-11 20:31:38.438 - 1 - ModuleClassLoader:initLoaders] [DEBUG] Found jar: gwcore-15.jar
[2025-05-11 20:31:38.440 - 1 - ModuleClassLoader:initLoaders] [DEBUG] Evaluating: {name=gw2d, level=2.0, jar=lib/gw2d-14.jar, type=needle-of-silver}
[2025-05-11 20:31:38.442 - 1 - ModuleClassLoader:initLoaders] [DEBUG] Reading: lib/gw2d-14.jar - 2.0 - needle-of-silver
[2025-05-11 20:31:38.444 - 1 - ModuleClassLoader:initLoaders] [DEBUG] Look up: C:\Users\gwn27\IdeaProjects\GWFramework\build\generatedConfig\needle-of-silver-0.0.1Initlib/gw2d-14.jar
[2025-05-11 20:31:38.444 - 1 - ModuleClassLoader:initLoaders] [DEBUG] Found jar: gw2d-14.jar
[2025-05-11 20:31:38.448 - 1 - ModuleClassLoader:initLoaders] [DEBUG] Evaluating: {name=needle-of-silver, level=3.0, jar=lib/needle-of-silver-5.jar, type=needle-of-silver}
[2025-05-11 20:31:38.451 - 1 - ModuleClassLoader:initLoaders] [DEBUG] Reading: lib/needle-of-silver-5.jar - 3.0 - needle-of-silver
[2025-05-11 20:31:38.452 - 1 - ModuleClassLoader:initLoaders] [DEBUG] Look up: C:\Users\gwn27\IdeaProjects\GWFramework\build\generatedConfig\needle-of-silver-0.0.1Initlib/needle-of-silver-5.jar
[2025-05-11 20:31:38.455 - 1 - ModuleClassLoader:initLoaders] [DEBUG] Found jar: needle-of-silver-5.jar
[2025-05-11 20:31:38.478 - 1 - ModuleClassLoader:getAnnotated] [DEBUG] loaders [null, null, null]
[2025-05-11 20:47:10.461 - 1 - ModuleClassLoader:initLoaders] [DEBUG] Found gameType: needle-of-silver
[2025-05-11 20:47:10.464 - 1 - ModuleClassLoader:initLoaders] [DEBUG] Found projects: 3
[2025-05-11 20:47:10.467 - 1 - ModuleClassLoader:initLoaders] [DEBUG] Evaluating: {name=gwcore, level=1.0, jar=lib/gwcore-16.jar, type=needle-of-silver}
[2025-05-11 20:47:10.468 - 1 - ModuleClassLoader:initLoaders] [DEBUG] Reading: lib/gwcore-16.jar - 1.0 - needle-of-silver
[2025-05-11 20:47:10.470 - 1 - ModuleClassLoader:initLoaders] [DEBUG] Look up: C:\Users\gwn27\IdeaProjects\GWFramework\build\generatedConfig\needle-of-silver-0.0.1Initlib/gwcore-16.jar
[2025-05-11 20:47:10.472 - 1 - ModuleClassLoader:initLoaders] [DEBUG] Found jar: gwcore-16.jar
[2025-05-11 20:47:10.474 - 1 - ModuleClassLoader:initLoaders] [DEBUG] Evaluating: {name=gw2d, level=2.0, jar=lib/gw2d-14.jar, type=needle-of-silver}
[2025-05-11 20:47:10.475 - 1 - ModuleClassLoader:initLoaders] [DEBUG] Reading: lib/gw2d-14.jar - 2.0 - needle-of-silver
[2025-05-11 20:47:10.477 - 1 - ModuleClassLoader:initLoaders] [DEBUG] Look up: C:\Users\gwn27\IdeaProjects\GWFramework\build\generatedConfig\needle-of-silver-0.0.1Initlib/gw2d-14.jar
[2025-05-11 20:47:10.480 - 1 - ModuleClassLoader:initLoaders] [DEBUG] Found jar: gw2d-14.jar
[2025-05-11 20:47:10.482 - 1 - ModuleClassLoader:initLoaders] [DEBUG] Evaluating: {name=needle-of-silver, level=3.0, jar=lib/needle-of-silver-5.jar, type=needle-of-silver}
[2025-05-11 20:47:10.484 - 1 - ModuleClassLoader:initLoaders] [DEBUG] Reading: lib/needle-of-silver-5.jar - 3.0 - needle-of-silver
[2025-05-11 20:47:10.486 - 1 - ModuleClassLoader:initLoaders] [DEBUG] Look up: C:\Users\gwn27\IdeaProjects\GWFramework\build\generatedConfig\needle-of-silver-0.0.1Initlib/needle-of-silver-5.jar
[2025-05-11 20:47:10.489 - 1 - ModuleClassLoader:initLoaders] [DEBUG] Found jar: needle-of-silver-5.jar
[2025-05-11 20:47:10.510 - 1 - ModuleClassLoader:initLoaders] [INFO] Added loader for JAR file:/C:/Users/gwn27/IdeaProjects/GWFramework/build/generatedConfig/needle-of-silver-0.0.1Init/lib/needle-of-silver-5.jar at level 3
[2025-05-11 20:47:10.513 - 1 - ModuleClassLoader:initLoaders] [INFO] Added loader for JAR file:/C:/Users/gwn27/IdeaProjects/GWFramework/build/generatedConfig/needle-of-silver-0.0.1Init/lib/gw2d-14.jar at level 2
[2025-05-11 20:47:10.514 - 1 - ModuleClassLoader:initLoaders] [INFO] Added loader for JAR file:/C:/Users/gwn27/IdeaProjects/GWFramework/build/generatedConfig/needle-of-silver-0.0.1Init/lib/gwcore-16.jar at level 1
[2025-05-11 20:47:10.516 - 1 - ModuleClassLoader:initJars] [INFO] Added jar C:\Users\gwn27\IdeaProjects\GWFramework\build\generatedConfig\needle-of-silver-0.0.1Init\lib\needle-of-silver-5.jar from loader null
[2025-05-11 20:47:10.519 - 1 - ModuleClassLoader:initJars] [INFO] Added jar C:\Users\gwn27\IdeaProjects\GWFramework\build\generatedConfig\needle-of-silver-0.0.1Init\lib\gw2d-14.jar from loader null
[2025-05-11 20:47:10.521 - 1 - ModuleClassLoader:initJars] [INFO] Added jar C:\Users\gwn27\IdeaProjects\GWFramework\build\generatedConfig\needle-of-silver-0.0.1Init\lib\gwcore-16.jar from loader null
[2025-05-11 20:47:10.524 - 1 - ModuleClassLoader:getAnnotated] [DEBUG] loaders [null, null, null]
[2025-05-11 21:48:56.637 - 1 - ModuleClassLoader:getInstance] [DEBUG] Creating singleton ModuleClassLoader
[2025-05-11 21:48:56.650 - 1 - ModuleClassLoader:<init>] [DEBUG] ModuleClassLoader <init>
[2025-05-11 21:48:56.653 - 1 - ModuleClassLoader:initLoaders] [DEBUG] initLoaders() — locating bins & reading config …
[2025-05-11 21:48:56.655 - 1 - ModuleClassLoader:initLoaders] [DEBUG] Executable dir  = C:\Users\gwn27\IdeaProjects\GWFramework\build\generatedConfig\needle-of-silver-0.0.1Init\lib
[2025-05-11 21:48:56.665 - 1 - ModuleClassLoader:initLoaders] [DEBUG] binDir           = C:\Users\gwn27\IdeaProjects\GWFramework\build\generatedConfig\needle-of-silver-0.0.1Init\bin
[2025-05-11 21:48:56.959 - 1 - ModuleClassLoader:initLoaders] [INFO] gameType = needle-of-silver, projects = 3
[2025-05-11 21:48:56.967 - 1 - ModuleClassLoader:initLoaders] [DEBUG] → candidate  jar=lib/gwcore-17.jar level=1.0 type=needle-of-silver
[2025-05-11 21:48:56.985 - 1 - ModuleClassLoader:initLoaders] [INFO]   • loader 'gwcore-17.jar' (level 1.0)
[2025-05-11 21:48:56.991 - 1 - ModuleClassLoader:initLoaders] [DEBUG] → candidate  jar=lib/gw2d-14.jar level=2.0 type=needle-of-silver
[2025-05-11 21:48:56.998 - 1 - ModuleClassLoader:initLoaders] [INFO]   • loader 'gw2d-14.jar' (level 2.0)
[2025-05-11 21:48:57.000 - 1 - ModuleClassLoader:initLoaders] [DEBUG] → candidate  jar=lib/needle-of-silver-5.jar level=3.0 type=needle-of-silver
[2025-05-11 21:48:57.011 - 1 - ModuleClassLoader:initLoaders] [INFO]   • loader 'needle-of-silver-5.jar' (level 3.0)
[2025-05-11 21:48:57.036 - 1 - ModuleClassLoader:initLoaders] [INFO] Loader order:
[2025-05-11 21:48:57.043 - 1 - ModuleClassLoader:initLoaders] [INFO]    needle-of-silver-5.jar  URLs=[file:/C:/Users/gwn27/IdeaProjects/GWFramework/build/generatedConfig/needle-of-silver-0.0.1Init/lib/needle-of-silver-5.jar]
[2025-05-11 21:48:57.048 - 1 - ModuleClassLoader:initLoaders] [INFO]    gw2d-14.jar  URLs=[file:/C:/Users/gwn27/IdeaProjects/GWFramework/build/generatedConfig/needle-of-silver-0.0.1Init/lib/gw2d-14.jar]
[2025-05-11 21:48:57.052 - 1 - ModuleClassLoader:initLoaders] [INFO]    gwcore-17.jar  URLs=[file:/C:/Users/gwn27/IdeaProjects/GWFramework/build/generatedConfig/needle-of-silver-0.0.1Init/lib/gwcore-17.jar]
[2025-05-11 21:48:57.057 - 1 - ModuleClassLoader:initJars] [DEBUG] initJars() — scanning loaders for .jar files …
[2025-05-11 21:48:57.063 - 1 - ModuleClassLoader:lambda$initJars$2] [DEBUG]    + C:\Users\gwn27\IdeaProjects\GWFramework\build\generatedConfig\needle-of-silver-0.0.1Init\lib\needle-of-silver-5.jar  (loader 'needle-of-silver-5.jar')
[2025-05-11 21:48:57.066 - 1 - ModuleClassLoader:lambda$initJars$2] [DEBUG]    + C:\Users\gwn27\IdeaProjects\GWFramework\build\generatedConfig\needle-of-silver-0.0.1Init\lib\gw2d-14.jar  (loader 'gw2d-14.jar')
[2025-05-11 21:48:57.074 - 1 - ModuleClassLoader:lambda$initJars$2] [DEBUG]    + C:\Users\gwn27\IdeaProjects\GWFramework\build\generatedConfig\needle-of-silver-0.0.1Init\lib\gwcore-17.jar  (loader 'gwcore-17.jar')
[2025-05-11 21:48:57.079 - 1 - ModuleClassLoader:tryCreate] [DEBUG] tryCreate(DIRECTOR, …)
[2025-05-11 21:48:57.084 - 1 - ModuleClassLoader:findClass] [DEBUG] findClass(DIRECTOR)
[2025-05-11 21:48:57.089 - 1 - ModuleClassLoader:getAnnotated] [DEBUG] getAnnotated(Init)
[2025-05-11 21:48:57.178 - 1 - ModuleClassLoader:getAnnotated] [DEBUG]   → found 0 classes
